C:\USERS\BORIS\DOCUMENTS\COURS\LANCé DE RAYON\LANCE_DE_RAYON\LANCE_DE_RAYON\DEBUG\LANCE_DE_RAYON.PCH
C:\USERS\BORIS\DOCUMENTS\COURS\LANCé DE RAYON\LANCE_DE_RAYON\LANCE_DE_RAYON\DEBUG\STDAFX.OBJ
C:\USERS\BORIS\DOCUMENTS\COURS\LANCÉ DE RAYON\LANCE_DE_RAYON\LANCE_DE_RAYON\DEBUG\VC110.PDB
C:\USERS\BORIS\DOCUMENTS\COURS\LANCé DE RAYON\LANCE_DE_RAYON\LANCE_DE_RAYON\DEBUG\BMPEXPORTER.OBJ
C:\USERS\BORIS\DOCUMENTS\COURS\LANCé DE RAYON\LANCE_DE_RAYON\LANCE_DE_RAYON\DEBUG\COLOR.OBJ
C:\USERS\BORIS\DOCUMENTS\COURS\LANCé DE RAYON\LANCE_DE_RAYON\LANCE_DE_RAYON\DEBUG\COLOR8.OBJ
C:\USERS\BORIS\DOCUMENTS\COURS\LANCé DE RAYON\LANCE_DE_RAYON\LANCE_DE_RAYON\DEBUG\CONE.OBJ
C:\USERS\BORIS\DOCUMENTS\COURS\LANCé DE RAYON\LANCE_DE_RAYON\LANCE_DE_RAYON\DEBUG\CYLINDER.OBJ
C:\USERS\BORIS\DOCUMENTS\COURS\LANCé DE RAYON\LANCE_DE_RAYON\LANCE_DE_RAYON\DEBUG\JSONPARSER.OBJ
C:\USERS\BORIS\DOCUMENTS\COURS\LANCé DE RAYON\LANCE_DE_RAYON\LANCE_DE_RAYON\DEBUG\MAIN.OBJ
C:\USERS\BORIS\DOCUMENTS\COURS\LANCé DE RAYON\LANCE_DE_RAYON\LANCE_DE_RAYON\DEBUG\LIGHT.OBJ
C:\USERS\BORIS\DOCUMENTS\COURS\LANCé DE RAYON\LANCE_DE_RAYON\LANCE_DE_RAYON\DEBUG\OBJECT3D.OBJ
C:\USERS\BORIS\DOCUMENTS\COURS\LANCé DE RAYON\LANCE_DE_RAYON\LANCE_DE_RAYON\DEBUG\RENDERER.OBJ
C:\USERS\BORIS\DOCUMENTS\COURS\LANCé DE RAYON\LANCE_DE_RAYON\LANCE_DE_RAYON\DEBUG\SCENE.OBJ
C:\USERS\BORIS\DOCUMENTS\COURS\LANCé DE RAYON\LANCE_DE_RAYON\LANCE_DE_RAYON\DEBUG\SPHERE.OBJ
C:\USERS\BORIS\DOCUMENTS\COURS\LANCé DE RAYON\LANCE_DE_RAYON\LANCE_DE_RAYON\DEBUG\UTILS.OBJ
C:\USERS\BORIS\DOCUMENTS\COURS\LANCé DE RAYON\LANCE_DE_RAYON\LANCE_DE_RAYON\DEBUG\TRIANGLE.OBJ
C:\USERS\BORIS\DOCUMENTS\COURS\LANCé DE RAYON\LANCE_DE_RAYON\LANCE_DE_RAYON\DEBUG\VECTOR2.OBJ
C:\USERS\BORIS\DOCUMENTS\COURS\LANCé DE RAYON\LANCE_DE_RAYON\LANCE_DE_RAYON\DEBUG\VECTOR3.OBJ
C:\USERS\BORIS\DOCUMENTS\COURS\LANCé DE RAYON\LANCE_DE_RAYON\LANCE_DE_RAYON\DEBUG\VERTICE.OBJ
C:\USERS\BORIS\DOCUMENTS\COURS\LANCé DE RAYON\LANCE_DE_RAYON\DEBUG\LANCE_DE_RAYON.ILK
C:\USERS\BORIS\DOCUMENTS\COURS\LANCé DE RAYON\LANCE_DE_RAYON\DEBUG\LANCE_DE_RAYON.EXE
C:\USERS\BORIS\DOCUMENTS\COURS\LANCÉ DE RAYON\LANCE_DE_RAYON\DEBUG\LANCE_DE_RAYON.PDB
C:\Users\Boris\Documents\Cours\Lancé de rayon\Lance_De_Rayon\Lance_De_Rayon\Debug\BmpExporter.obj
C:\Users\Boris\Documents\Cours\Lancé de rayon\Lance_De_Rayon\Lance_De_Rayon\Debug\Color.obj
C:\Users\Boris\Documents\Cours\Lancé de rayon\Lance_De_Rayon\Lance_De_Rayon\Debug\Color8.obj
C:\Users\Boris\Documents\Cours\Lancé de rayon\Lance_De_Rayon\Lance_De_Rayon\Debug\Cone.obj
C:\Users\Boris\Documents\Cours\Lancé de rayon\Lance_De_Rayon\Lance_De_Rayon\Debug\Cylinder.obj
C:\Users\Boris\Documents\Cours\Lancé de rayon\Lance_De_Rayon\Lance_De_Rayon\Debug\JSONParser.obj
C:\Users\Boris\Documents\Cours\Lancé de rayon\Lance_De_Rayon\Lance_De_Rayon\Debug\Light.obj
C:\Users\Boris\Documents\Cours\Lancé de rayon\Lance_De_Rayon\Lance_De_Rayon\Debug\Main.obj
C:\Users\Boris\Documents\Cours\Lancé de rayon\Lance_De_Rayon\Lance_De_Rayon\Debug\Object3D.obj
C:\Users\Boris\Documents\Cours\Lancé de rayon\Lance_De_Rayon\Lance_De_Rayon\Debug\Renderer.obj
C:\Users\Boris\Documents\Cours\Lancé de rayon\Lance_De_Rayon\Lance_De_Rayon\Debug\Scene.obj
C:\Users\Boris\Documents\Cours\Lancé de rayon\Lance_De_Rayon\Lance_De_Rayon\Debug\Sphere.obj
C:\Users\Boris\Documents\Cours\Lancé de rayon\Lance_De_Rayon\Lance_De_Rayon\Debug\stdafx.obj
C:\Users\Boris\Documents\Cours\Lancé de rayon\Lance_De_Rayon\Lance_De_Rayon\Debug\Triangle.obj
C:\Users\Boris\Documents\Cours\Lancé de rayon\Lance_De_Rayon\Lance_De_Rayon\Debug\utils.obj
C:\Users\Boris\Documents\Cours\Lancé de rayon\Lance_De_Rayon\Lance_De_Rayon\Debug\Vector2.obj
C:\Users\Boris\Documents\Cours\Lancé de rayon\Lance_De_Rayon\Lance_De_Rayon\Debug\Vector3.obj
C:\Users\Boris\Documents\Cours\Lancé de rayon\Lance_De_Rayon\Lance_De_Rayon\Debug\Vertice.obj
C:\Users\Boris\Documents\Cours\Lancé de rayon\Lance_De_Rayon\Lance_De_Rayon\Debug\cl.command.1.tlog
C:\Users\Boris\Documents\Cours\Lancé de rayon\Lance_De_Rayon\Lance_De_Rayon\Debug\CL.read.1.tlog
C:\Users\Boris\Documents\Cours\Lancé de rayon\Lance_De_Rayon\Lance_De_Rayon\Debug\CL.write.1.tlog
C:\Users\Boris\Documents\Cours\Lancé de rayon\Lance_De_Rayon\Lance_De_Rayon\Debug\link-cvtres.read.1.tlog
C:\Users\Boris\Documents\Cours\Lancé de rayon\Lance_De_Rayon\Lance_De_Rayon\Debug\link-cvtres.write.1.tlog
C:\Users\Boris\Documents\Cours\Lancé de rayon\Lance_De_Rayon\Lance_De_Rayon\Debug\link-rc.read.1.tlog
C:\Users\Boris\Documents\Cours\Lancé de rayon\Lance_De_Rayon\Lance_De_Rayon\Debug\link-rc.write.1.tlog
C:\Users\Boris\Documents\Cours\Lancé de rayon\Lance_De_Rayon\Lance_De_Rayon\Debug\link.3460-cvtres.read.1.tlog
C:\Users\Boris\Documents\Cours\Lancé de rayon\Lance_De_Rayon\Lance_De_Rayon\Debug\link.3460-cvtres.write.1.tlog
C:\Users\Boris\Documents\Cours\Lancé de rayon\Lance_De_Rayon\Lance_De_Rayon\Debug\link.3460-rc.read.1.tlog
C:\Users\Boris\Documents\Cours\Lancé de rayon\Lance_De_Rayon\Lance_De_Rayon\Debug\link.3460-rc.write.1.tlog
C:\Users\Boris\Documents\Cours\Lancé de rayon\Lance_De_Rayon\Lance_De_Rayon\Debug\link.3460.read.1.tlog
C:\Users\Boris\Documents\Cours\Lancé de rayon\Lance_De_Rayon\Lance_De_Rayon\Debug\link.3460.write.1.tlog
C:\Users\Boris\Documents\Cours\Lancé de rayon\Lance_De_Rayon\Lance_De_Rayon\Debug\link.4432-cvtres.read.1.tlog
C:\Users\Boris\Documents\Cours\Lancé de rayon\Lance_De_Rayon\Lance_De_Rayon\Debug\link.4432-cvtres.write.1.tlog
C:\Users\Boris\Documents\Cours\Lancé de rayon\Lance_De_Rayon\Lance_De_Rayon\Debug\link.4432-rc.read.1.tlog
C:\Users\Boris\Documents\Cours\Lancé de rayon\Lance_De_Rayon\Lance_De_Rayon\Debug\link.4432-rc.write.1.tlog
C:\Users\Boris\Documents\Cours\Lancé de rayon\Lance_De_Rayon\Lance_De_Rayon\Debug\link.4432.read.1.tlog
C:\Users\Boris\Documents\Cours\Lancé de rayon\Lance_De_Rayon\Lance_De_Rayon\Debug\link.4432.write.1.tlog
C:\Users\Boris\Documents\Cours\Lancé de rayon\Lance_De_Rayon\Lance_De_Rayon\Debug\link.6364-cvtres.read.1.tlog
C:\Users\Boris\Documents\Cours\Lancé de rayon\Lance_De_Rayon\Lance_De_Rayon\Debug\link.6364-cvtres.write.1.tlog
C:\Users\Boris\Documents\Cours\Lancé de rayon\Lance_De_Rayon\Lance_De_Rayon\Debug\link.6364-rc.read.1.tlog
C:\Users\Boris\Documents\Cours\Lancé de rayon\Lance_De_Rayon\Lance_De_Rayon\Debug\link.6364-rc.write.1.tlog
C:\Users\Boris\Documents\Cours\Lancé de rayon\Lance_De_Rayon\Lance_De_Rayon\Debug\link.6364.read.1.tlog
C:\Users\Boris\Documents\Cours\Lancé de rayon\Lance_De_Rayon\Lance_De_Rayon\Debug\link.6364.write.1.tlog
C:\Users\Boris\Documents\Cours\Lancé de rayon\Lance_De_Rayon\Lance_De_Rayon\Debug\link.876-cvtres.read.1.tlog
C:\Users\Boris\Documents\Cours\Lancé de rayon\Lance_De_Rayon\Lance_De_Rayon\Debug\link.876-cvtres.write.1.tlog
C:\Users\Boris\Documents\Cours\Lancé de rayon\Lance_De_Rayon\Lance_De_Rayon\Debug\link.876-rc.read.1.tlog
C:\Users\Boris\Documents\Cours\Lancé de rayon\Lance_De_Rayon\Lance_De_Rayon\Debug\link.876-rc.write.1.tlog
C:\Users\Boris\Documents\Cours\Lancé de rayon\Lance_De_Rayon\Lance_De_Rayon\Debug\link.876.read.1.tlog
C:\Users\Boris\Documents\Cours\Lancé de rayon\Lance_De_Rayon\Lance_De_Rayon\Debug\link.876.write.1.tlog
C:\Users\Boris\Documents\Cours\Lancé de rayon\Lance_De_Rayon\Lance_De_Rayon\Debug\link.command.1.tlog
C:\Users\Boris\Documents\Cours\Lancé de rayon\Lance_De_Rayon\Lance_De_Rayon\Debug\link.read.1.tlog
C:\Users\Boris\Documents\Cours\Lancé de rayon\Lance_De_Rayon\Lance_De_Rayon\Debug\link.write.1.tlog
C:\Users\Boris\Documents\Cours\Lancé de rayon\Lance_De_Rayon\Lance_De_Rayon\Debug\Lance_De_Rayon.pch
C:\Users\Boris\Documents\Cours\Lancé de rayon\Lance_De_Rayon\Lance_De_Rayon\Debug\vc110.idb
C:\Users\Boris\Documents\Cours\Lancé de rayon\Lance_De_Rayon\Lance_De_Rayon\Debug\vc110.pdb
C:\Users\Boris\Documents\Cours\Lancé de rayon\Lance_De_Rayon\Debug\Lance_De_Rayon.pdb
C:\Users\Boris\Documents\Cours\Lancé de rayon\Lance_De_Rayon\Debug\Lance_De_Rayon.exe
C:\Users\Boris\Documents\Cours\Lancé de rayon\Lance_De_Rayon\Debug\Lance_De_Rayon.ilk
