La génération a démarré 30/05/2014 18:35:55.
     1>Projet "C:\Users\Boris\Documents\Cours\Lancé de rayon\Lance_De_Rayon\Lance_De_Rayon\Lance_De_Rayon.vcxproj" sur le nœud 2 (Build cible(s)).
     1>ClCompile:
         C:\Program Files (x86)\Microsoft Visual Studio 11.0\VC\bin\CL.exe /c /ZI /nologo /W3 /WX- /sdl /Od /Oy- /D WIN32 /D _DEBUG /D _CONSOLE /D _UNICODE /D UNICODE /Gm /EHsc /RTC1 /MDd /GS /fp:precise /Zc:wchar_t /Zc:forScope /Yu"stdafx.h" /Fp"Debug\Lance_De_Rayon.pch" /Fo"Debug\\" /Fd"Debug\vc110.pdb" /Gd /TP /analyze- /errorReport:prompt Main.cpp
         Main.cpp
     1>c:\users\boris\documents\cours\lancé de rayon\lance_de_rayon\lance_de_rayon\utils.h(104): warning C4091: 'typedef ' : ignoré à gauche de 'serializedData' quand aucune variable n'est déclarée
     1>c:\users\boris\documents\cours\lancé de rayon\lance_de_rayon\lance_de_rayon\bmpexporter.h(11): warning C4237: mot clé 'export' non pris en charge pour l'instant mais réservé pour un usage ultérieur
     1>c:\users\boris\documents\cours\lancé de rayon\lance_de_rayon\lance_de_rayon\scene.h(2): warning C4067: jetons inattendus après la directive du préprocesseur - saut de ligne attendu
     1>c:\users\boris\documents\cours\lancé de rayon\lance_de_rayon\lance_de_rayon\scene.h(3): warning C4067: jetons inattendus après la directive du préprocesseur - saut de ligne attendu
     1>c:\users\boris\documents\cours\lancé de rayon\lance_de_rayon\lance_de_rayon\light.h(3): warning C4067: jetons inattendus après la directive du préprocesseur - saut de ligne attendu
     1>c:\users\boris\documents\cours\lancé de rayon\lance_de_rayon\lance_de_rayon\light.h(4): warning C4067: jetons inattendus après la directive du préprocesseur - saut de ligne attendu
     1>c:\users\boris\documents\cours\lancé de rayon\lance_de_rayon\lance_de_rayon\main.cpp(40): warning C4244: 'argument' : conversion de 'int' en 'float', perte possible de données
     1>c:\users\boris\documents\cours\lancé de rayon\lance_de_rayon\lance_de_rayon\main.cpp(54): warning C4305: 'argument' : troncation de 'double' à 'float'
       Link:
         C:\Program Files (x86)\Microsoft Visual Studio 11.0\VC\bin\link.exe /ERRORREPORT:PROMPT /OUT:"C:\Users\Boris\Documents\Cours\Lancé de rayon\Lance_De_Rayon\Debug\Lance_De_Rayon.exe" /INCREMENTAL /NOLOGO kernel32.lib user32.lib gdi32.lib winspool.lib comdlg32.lib advapi32.lib shell32.lib ole32.lib oleaut32.lib uuid.lib odbc32.lib odbccp32.lib /MANIFEST /MANIFESTUAC:"level='asInvoker' uiAccess='false'" /manifest:embed /DEBUG /PDB:"C:\Users\Boris\Documents\Cours\Lancé de rayon\Lance_De_Rayon\Debug\Lance_De_Rayon.pdb" /SUBSYSTEM:CONSOLE /TLBID:1 /DYNAMICBASE /NXCOMPAT /IMPLIB:"C:\Users\Boris\Documents\Cours\Lancé de rayon\Lance_De_Rayon\Debug\Lance_De_Rayon.lib" /MACHINE:X86 Debug\BmpExporter.obj
         Debug\Color.obj
         Debug\Color8.obj
         Debug\Cone.obj
         Debug\Cylinder.obj
         Debug\JSONParser.obj
         Debug\Main.obj
         Debug\Light.obj
         Debug\Object3D.obj
         Debug\Renderer.obj
         Debug\Scene.obj
         Debug\Sphere.obj
         Debug\utils.obj
         Debug\stdafx.obj
         Debug\Triangle.obj
         Debug\Vector2.obj
         Debug\Vector3.obj
         Debug\Vertice.obj
         Lance_De_Rayon.vcxproj -> C:\Users\Boris\Documents\Cours\Lancé de rayon\Lance_De_Rayon\Debug\Lance_De_Rayon.exe
     1>Génération du projet "C:\Users\Boris\Documents\Cours\Lancé de rayon\Lance_De_Rayon\Lance_De_Rayon\Lance_De_Rayon.vcxproj" terminée (Build cible(s)).

La génération a réussi.

Temps écoulé 00:00:02.90
